<?xml version="1.0" encoding="UTF-8"?>
<testng-results ignored="0" total="1" passed="0" failed="1" skipped="0">
  <reporter-output>
    <line>
      <![CDATA[The website used was DemoQA for this test]]>
    </line>
  </reporter-output>
  <suite started-at="2024-07-03T15:12:35 IST" name="Default suite" finished-at="2024-07-03T15:12:54 IST" duration-ms="18371">
    <groups>
    </groups>
    <test started-at="2024-07-03T15:12:35 IST" name="Default test" finished-at="2024-07-03T15:12:54 IST" duration-ms="18371">
      <class name="Aera.TestScripts03">
        <test-method signature="testscripts()[pri:0, instance:Aera.TestScripts03@7e7be63f]" started-at="2024-07-03T15:12:35 IST" name="testscripts" finished-at="2024-07-03T15:12:54 IST" duration-ms="18316" status="FAIL">
          <exception class="java.lang.AssertionError">
            <message>
              <![CDATA[Titles of the website do not match expected [Free QA Automation Tools For Everyone] but found [Home - Execute Automation Employee App]]]>
            </message>
            <full-stacktrace>
              <![CDATA[java.lang.AssertionError: Titles of the website do not match expected [Free QA Automation Tools For Everyone] but found [Home - Execute Automation Employee App]
at org.testng.Assert.fail(Assert.java:99)
at org.testng.Assert.failNotEquals(Assert.java:1037)
at org.testng.Assert.assertEqualsImpl(Assert.java:140)
at org.testng.Assert.assertEquals(Assert.java:122)
at org.testng.Assert.assertEquals(Assert.java:629)
at Aera.Homepage.eeappHome(Homepage.java:60)
at Aera.TestScripts03.testscripts(TestScripts03.java:34)
at java.base/jdk.internal.reflect.NativeMethodAccessorImpl.invoke0(Native Method)
at java.base/jdk.internal.reflect.NativeMethodAccessorImpl.invoke(NativeMethodAccessorImpl.java:77)
at java.base/jdk.internal.reflect.DelegatingMethodAccessorImpl.invoke(DelegatingMethodAccessorImpl.java:43)
at java.base/java.lang.reflect.Method.invoke(Method.java:568)
at org.testng.internal.MethodInvocationHelper.invokeMethod(MethodInvocationHelper.java:133)
at org.testng.internal.TestInvoker.invokeMethod(TestInvoker.java:598)
at org.testng.internal.TestInvoker.invokeTestMethod(TestInvoker.java:173)
at org.testng.internal.MethodRunner.runInSequence(MethodRunner.java:46)
at org.testng.internal.TestInvoker$MethodInvocationAgent.invoke(TestInvoker.java:824)
at org.testng.internal.TestInvoker.invokeTestMethods(TestInvoker.java:146)
at org.testng.internal.TestMethodWorker.invokeTestMethods(TestMethodWorker.java:146)
at org.testng.internal.TestMethodWorker.run(TestMethodWorker.java:128)
at java.base/java.util.ArrayList.forEach(ArrayList.java:1511)
at org.testng.TestRunner.privateRun(TestRunner.java:794)
at org.testng.TestRunner.run(TestRunner.java:596)
at org.testng.SuiteRunner.runTest(SuiteRunner.java:377)
at org.testng.SuiteRunner.runSequentially(SuiteRunner.java:371)
at org.testng.SuiteRunner.privateRun(SuiteRunner.java:332)
at org.testng.SuiteRunner.run(SuiteRunner.java:276)
at org.testng.SuiteRunnerWorker.runSuite(SuiteRunnerWorker.java:53)
at org.testng.SuiteRunnerWorker.run(SuiteRunnerWorker.java:96)
at org.testng.TestNG.runSuitesSequentially(TestNG.java:1212)
at org.testng.TestNG.runSuitesLocally(TestNG.java:1134)
at org.testng.TestNG.runSuites(TestNG.java:1063)
at org.testng.TestNG.run(TestNG.java:1031)
at org.testng.remote.AbstractRemoteTestNG.run(AbstractRemoteTestNG.java:115)
at org.testng.remote.RemoteTestNG.initAndRun(RemoteTestNG.java:293)
at org.testng.remote.RemoteTestNG.main(RemoteTestNG.java:91)
]]>
            </full-stacktrace>
          </exception> <!-- java.lang.AssertionError -->
          <reporter-output>
            <line>
              <![CDATA[The website used was DemoQA for this test]]>
            </line>
          </reporter-output>
        </test-method> <!-- testscripts -->
      </class> <!-- Aera.TestScripts03 -->
    </test> <!-- Default test -->
  </suite> <!-- Default suite -->
</testng-results>
